This is pdfTeX, Version 3.141592653-2.6-1.40.22 (MiKTeX 21.6) (preloaded format=pdflatex 2021.8.9)  19 OCT 2021 16:05
entering extended mode
**./ReporteLaTeX.tex
(ReporteLaTeX.tex
LaTeX2e <2021-06-01>
L3 programming layer <2021-06-01>
(C:\Program Files\MiKTeX\tex/latex/base\book.cls
Document Class: book 2021/02/12 v1.4n Standard LaTeX document class
(C:\Program Files\MiKTeX\tex/latex/base\bk12.clo
File: bk12.clo 2021/02/12 v1.4n Standard LaTeX file (size option)
)
\c@part=\count182
\c@chapter=\count183
\c@section=\count184
\c@subsection=\count185
\c@subsubsection=\count186
\c@paragraph=\count187
\c@subparagraph=\count188
\c@figure=\count189
\c@table=\count190
\abovecaptionskip=\skip47
\belowcaptionskip=\skip48
\bibindent=\dimen138
)
(C:\Program Files\MiKTeX\tex/latex/graphics\color.sty
Package: color 2020/02/24 v1.2b Standard LaTeX Color (DPC)

(C:\Program Files\MiKTeX\tex/latex/graphics-cfg\color.cfg
File: color.cfg 2016/01/02 v1.6 sample color configuration
)
Package color Info: Driver file: pdftex.def on input line 149.

(C:\Program Files\MiKTeX\tex/latex/graphics-def\pdftex.def
File: pdftex.def 2020/10/05 v1.2a Graphics/color driver for pdftex
))
(C:\Users\itzam\AppData\Roaming\MiKTeX\tex/latex/pstricks\pstricks.sty
Package: pstricks 2021/08/23 v0.71 LaTeX wrapper for `PSTricks' (RN,HV)

(C:\Program Files\MiKTeX\tex/generic/iftex\iftex.sty
Package: iftex 2020/03/06 v1.0d TeX engine tests
)
(C:\Program Files\MiKTeX\tex/latex/xcolor\xcolor.sty
Package: xcolor 2016/05/11 v2.12 LaTeX color extensions (UK)

(C:\Program Files\MiKTeX\tex/latex/graphics-cfg\color.cfg
File: color.cfg 2016/01/02 v1.6 sample color configuration
)
Package xcolor Info: Driver file: pdftex.def on input line 225.
LaTeX Info: Redefining \color on input line 709.
Package xcolor Info: Model `cmy' substituted by `cmy0' on input line 1348.
Package xcolor Info: Model `hsb' substituted by `rgb' on input line 1352.
Package xcolor Info: Model `RGB' extended on input line 1364.
Package xcolor Info: Model `HTML' substituted by `rgb' on input line 1366.
Package xcolor Info: Model `Hsb' substituted by `hsb' on input line 1367.
Package xcolor Info: Model `tHsb' substituted by `hsb' on input line 1368.
Package xcolor Info: Model `HSB' substituted by `hsb' on input line 1369.
Package xcolor Info: Model `Gray' substituted by `gray' on input line 1370.
Package xcolor Info: Model `wave' substituted by `hsb' on input line 1371.
)
(C:\Program Files\MiKTeX\tex/generic/xkeyval\pst-xkey.tex
File: pst-xkey.tex 2005/11/25 v1.6 PSTricks specialization of xkeyval (HA)

(C:\Program Files\MiKTeX\tex/latex/xkeyval\xkeyval.sty
Package: xkeyval 2020/11/20 v2.8 package option processing (HA)

(C:\Program Files\MiKTeX\tex/generic/xkeyval\xkeyval.tex
(C:\Program Files\MiKTeX\tex/generic/xkeyval\xkvutils.tex
\XKV@toks=\toks16
\XKV@tempa@toks=\toks17

(C:\Program Files\MiKTeX\tex/generic/xkeyval\keyval.tex))
\XKV@depth=\count191
File: xkeyval.tex 2014/12/03 v2.7a key=value parser (HA)
)))
(C:\Users\itzam\AppData\Roaming\MiKTeX\tex/generic/pstricks\pstricks.tex
(C:\Users\itzam\AppData\Roaming\MiKTeX\tex/generic/pstricks\pst-fp.tex
`pst-fp' v0.06, 2020/11/20 (hv)
\pstFP@xs=\count192
\pstFP@xia=\count193
\pstFP@xib=\count194
\pstFP@xfa=\count195
\pstFP@xfb=\count196
\pstFP@rega=\count197
\pstFP@regb=\count198
\pstFP@regs=\count199
\pstFP@times=\count266
)
(C:\Program Files\MiKTeX\tex/generic/pgf/utilities\pgfutil-common.tex
\pgfutil@everybye=\toks18
\pgfutil@tempdima=\dimen139
\pgfutil@tempdimb=\dimen140

(C:\Program Files\MiKTeX\tex/generic/pgf/utilities\pgfutil-common-lists.tex))
(C:\Program Files\MiKTeX\tex/generic/pgf/utilities\pgfkeys.code.tex
\pgfkeys@pathtoks=\toks19
\pgfkeys@temptoks=\toks20

(C:\Program Files\MiKTeX\tex/generic/pgf/utilities\pgfkeysfiltered.code.tex
\pgfkeys@tmptoks=\toks21
))
(C:\Program Files\MiKTeX\tex/generic/pgf/utilities\pgffor.code.tex
Loading pgffor.code.tex
(C:\Program Files\MiKTeX\tex/generic/pgf/math\pgfmath.code.tex
(C:\Program Files\MiKTeX\tex/generic/pgf/math\pgfmathcalc.code.tex
(C:\Program Files\MiKTeX\tex/generic/pgf/math\pgfmathutil.code.tex
\pgf@x=\dimen141
\pgf@xa=\dimen142
\pgf@xb=\dimen143
\pgf@xc=\dimen144
\pgf@y=\dimen145
\pgf@ya=\dimen146
\pgf@yb=\dimen147
\pgf@yc=\dimen148
\c@pgf@counta=\count267
\c@pgf@countb=\count268
\c@pgf@countc=\count269
\c@pgf@countd=\count270
\pgfutil@tempcnta=\count271
\pgfutil@tempcntb=\count272
)
(C:\Program Files\MiKTeX\tex/generic/pgf/math\pgfmathparser.code.tex
\pgfmath@dimen=\dimen149
\pgfmath@count=\count273
\pgfmath@box=\box50
\pgfmath@toks=\toks22
\pgfmath@stack@operand=\toks23
\pgfmath@stack@operation=\toks24
)
(C:\Program Files\MiKTeX\tex/generic/pgf/math\pgfmathfunctions.code.tex
(C:\Program Files\MiKTeX\tex/generic/pgf/math\pgfmathfunctions.basic.code.tex)
(C:\Program Files\MiKTeX\tex/generic/pgf/math\pgfmathfunctions.trigonometric.co
de.tex)
(C:\Program Files\MiKTeX\tex/generic/pgf/math\pgfmathfunctions.random.code.tex)

(C:\Program Files\MiKTeX\tex/generic/pgf/math\pgfmathfunctions.comparison.code.
tex)
(C:\Program Files\MiKTeX\tex/generic/pgf/math\pgfmathfunctions.base.code.tex)
(C:\Program Files\MiKTeX\tex/generic/pgf/math\pgfmathfunctions.round.code.tex)
(C:\Program Files\MiKTeX\tex/generic/pgf/math\pgfmathfunctions.misc.code.tex)
(C:\Program Files\MiKTeX\tex/generic/pgf/math\pgfmathfunctions.integerarithmeti
cs.code.tex)))
(C:\Program Files\MiKTeX\tex/generic/pgf/math\pgfmathfloat.code.tex
\c@pgfmathroundto@lastzeros=\count274
))
\pgffor@iter=\dimen150
\pgffor@skip=\dimen151
\pgffor@stack=\toks25
\pgffor@toks=\toks26
)
\psLoopIndex=\count275

`PSTricks' v3.11  <2021/09/27> (tvz,hv)
\pst@dima=\dimen152
\pst@dimb=\dimen153
\pst@dimc=\dimen154
\pst@dimd=\dimen155
\pst@dimg=\dimen156
\pst@dimh=\dimen157
\pst@dimm=\dimen158
\pst@dimn=\dimen159
\pst@dimo=\dimen160
\pst@dimp=\dimen161
\pst@hbox=\box51
\pst@ibox=\box52
\pst@boxg=\box53
\pst@cnta=\count276
\pst@cntb=\count277
\pst@cntc=\count278
\pst@cntd=\count279
\pst@cntg=\count280
\pst@cnth=\count281
\pst@cntm=\count282
\pst@cntn=\count283
\pst@cnto=\count284
\pst@cntp=\count285
\@zero=\count286
\pst@toks=\toks27
--- We are running latex or xelatex ---
(C:\Users\itzam\AppData\Roaming\MiKTeX\tex/generic/pstricks\pstricks.con)
(C:\Users\itzam\AppData\Roaming\MiKTeX\tex/generic/pstricks\pstricks-color.tex)
\psunit=\dimen162
\psxunit=\dimen163
\psyunit=\dimen164
\pst@C@@rType=\count287
\pslinewidth=\dimen165
\psk@startLW=\dimen166
\psk@endLW=\dimen167

(C:\Users\itzam\AppData\Roaming\MiKTeX\tex/generic/pstricks\pstricks-arrows.tex
\pshooklength=\dimen168
\pshookwidth=\dimen169
)
\pst@customdefs=\toks28
 (C:\Users\itzam\AppData\Roaming\MiKTeX\tex/generic/pstricks\pstricks-dots.tex)
\pslinearc=\dimen170
\pst@symbolStep=\dimen171
\pst@symbolWidth=\dimen172
\pst@symbolLinewidth=\dimen173
\everypsbox=\toks29
\psframesep=\dimen174
\pslabelsep=\dimen175
\sh@wgridXunit=\dimen176
\sh@wgridYunit=\dimen177
\pst@shift=\dimen178
 (C:\Users\itzam\AppData\Roaming\MiKTeX\tex/generic/pstricks\pstricks.con))
File: pstricks.tex 2021/09/27 v3.11 `PSTricks' (tvz,hv)

(C:\Users\itzam\AppData\Roaming\MiKTeX\tex/generic/pstricks\pst-fp.tex
`pst-fp' v0.06, 2020/11/20 (hv))
File: pst-fp.tex 2020/11/20 v0.06 `PST-fp' (hv)
)
(C:\Users\itzam\AppData\Roaming\MiKTeX\tex/latex/pst-node\pst-node.sty
Package: pst-node 2012/09/18 v1.01 LaTeX wrapper for `pst-node' (HV)
Package: pst-node 2010/04/22 package wrapper for pst-node.tex

(C:\Users\itzam\AppData\Roaming\MiKTeX\tex/generic/pst-node\pst-node.tex
 v1.42a, 2020/04/01
\psrow=\count288
\pscol=\count289
\psmatrixcnt=\count290
\psrowsep=\skip49
\pscolsep=\skip50
\pst@args=\count291
\num@pts=\count292
\pst@argcnt=\count293
)
File: pst-node.tex 2020/04/01 1.42a `pst-node' (tvz,hv)
) (C:\Program Files\MiKTeX\tex/latex/graphics\graphics.sty
Package: graphics 2021/03/04 v1.4d Standard LaTeX Graphics (DPC,SPQR)

(C:\Program Files\MiKTeX\tex/latex/graphics\trig.sty
Package: trig 2016/01/03 v1.10 sin cos tan (DPC)
)
(C:\Program Files\MiKTeX\tex/latex/graphics-cfg\graphics.cfg
File: graphics.cfg 2016/06/04 v1.11 sample graphics configuration
)
Package graphics Info: Driver file: pdftex.def on input line 107.
)
(C:\Program Files\MiKTeX\tex/latex/graphics\graphicx.sty
Package: graphicx 2020/12/05 v1.2c Enhanced LaTeX Graphics (DPC,SPQR)
\Gin@req@height=\dimen179
\Gin@req@width=\dimen180
)
(C:\Program Files\MiKTeX\tex/latex/base\graphpap.sty
Package: graphpap 1994/08/09 v1.0c Standard LaTeX graphpap package (LL)
)
(C:\Program Files\MiKTeX\tex/latex/amsfonts\amsfonts.sty
Package: amsfonts 2013/01/14 v3.01 Basic AMSFonts support
\@emptytoks=\toks30
\symAMSa=\mathgroup4
\symAMSb=\mathgroup5
LaTeX Font Info:    Redeclaring math symbol \hbar on input line 98.
LaTeX Font Info:    Overwriting math alphabet `\mathfrak' in version `bold'
(Font)                  U/euf/m/n --> U/euf/b/n on input line 106.
)
(C:\Program Files\MiKTeX\tex/latex/amsmath\amsmath.sty
Package: amsmath 2021/04/20 v2.17j AMS math features
\@mathmargin=\skip51

For additional information on amsmath, use the `?' option.
(C:\Program Files\MiKTeX\tex/latex/amsmath\amstext.sty
Package: amstext 2000/06/29 v2.01 AMS text

(C:\Program Files\MiKTeX\tex/latex/amsmath\amsgen.sty
File: amsgen.sty 1999/11/30 v2.0 generic functions
\@emptytoks=\toks31
\ex@=\dimen181
))
(C:\Program Files\MiKTeX\tex/latex/amsmath\amsbsy.sty
Package: amsbsy 1999/11/29 v1.2d Bold Symbols
\pmbraise@=\dimen182
)
(C:\Program Files\MiKTeX\tex/latex/amsmath\amsopn.sty
Package: amsopn 2016/03/08 v2.02 operator names
)
\inf@bad=\count294
LaTeX Info: Redefining \frac on input line 234.
\uproot@=\count295
\leftroot@=\count296
LaTeX Info: Redefining \overline on input line 399.
\classnum@=\count297
\DOTSCASE@=\count298
LaTeX Info: Redefining \ldots on input line 496.
LaTeX Info: Redefining \dots on input line 499.
LaTeX Info: Redefining \cdots on input line 620.
\Mathstrutbox@=\box54
\strutbox@=\box55
\big@size=\dimen183
LaTeX Font Info:    Redeclaring font encoding OML on input line 743.
LaTeX Font Info:    Redeclaring font encoding OMS on input line 744.
\macc@depth=\count299
\c@MaxMatrixCols=\count300
\dotsspace@=\muskip16
\c@parentequation=\count301
\dspbrk@lvl=\count302
\tag@help=\toks32
\row@=\count303
\column@=\count304
\maxfields@=\count305
\andhelp@=\toks33
\eqnshift@=\dimen184
\alignsep@=\dimen185
\tagshift@=\dimen186
\tagwidth@=\dimen187
\totwidth@=\dimen188
\lineht@=\dimen189
\@envbody=\toks34
\multlinegap=\skip52
\multlinetaggap=\skip53
\mathdisplay@stack=\toks35
LaTeX Info: Redefining \[ on input line 2923.
LaTeX Info: Redefining \] on input line 2924.
)
(C:\Program Files\MiKTeX\tex/latex/amsfonts\amssymb.sty
Package: amssymb 2013/01/14 v3.01 AMS font symbols
)
(C:\Users\itzam\AppData\Roaming\MiKTeX\tex/latex/amscls\amsthm.sty
Package: amsthm 2020/05/29 v2.20.6
\thm@style=\toks36
\thm@bodyfont=\toks37
\thm@headfont=\toks38
\thm@notefont=\toks39
\thm@headpunct=\toks40
\thm@preskip=\skip54
\thm@postskip=\skip55
\thm@headsep=\skip56
\dth@everypar=\toks41
)
(C:\Program Files\MiKTeX\tex/latex/base\inputenc.sty
Package: inputenc 2021/02/14 v1.3d Input encoding file
\inpenc@prehook=\toks42
\inpenc@posthook=\toks43

(C:\Program Files\MiKTeX\tex/latex/base\ansinew.def
File: ansinew.def 2021/02/14 v1.3d Input encoding file
))
(C:\Program Files\MiKTeX\tex/generic/babel\babel.sty
Package: babel 2021/06/02 3.60 The Babel package

(C:\Program Files\MiKTeX\tex/generic/babel\babel.def
File: babel.def 2021/06/02 3.60 Babel common definitions
\babel@savecnt=\count306
\U@D=\dimen190
\l@unhyphenated=\language79

(C:\Program Files\MiKTeX\tex/generic/babel\txtbabel.def)
\bbl@readstream=\read2
)
\bbl@dirlevel=\count307

*************************************
* Local config file bblopts.cfg used
*
(C:\Program Files\MiKTeX\tex/latex/arabi\bblopts.cfg
File: bblopts.cfg 2005/09/08 v0.1 add Arabic and Farsi to "declared" options of
 babel
)
(C:\Users\itzam\AppData\Roaming\MiKTeX\tex/latex/babel-spanish\spanish.ldf
Language: spanish.ldf 2021/05/27 v5.0q Spanish support from the babel system
\es@quottoks=\toks44
\es@quotdepth=\count308
Package babel Info: Making " an active character on input line 570.
Package babel Info: Making . an active character on input line 675.
Package babel Info: Making < an active character on input line 722.
Package babel Info: Making > an active character on input line 722.
))
(C:\Users\itzam\AppData\Roaming\MiKTeX\tex/latex/fancyhdr\fancyhdr.sty
Package: fancyhdr 2021/01/28 v4.0.1 Extensive control of page headers and foote
rs
\f@nch@headwidth=\skip57
\f@nch@O@elh=\skip58
\f@nch@O@erh=\skip59
\f@nch@O@olh=\skip60
\f@nch@O@orh=\skip61
\f@nch@O@elf=\skip62
\f@nch@O@erf=\skip63
\f@nch@O@olf=\skip64
\f@nch@O@orf=\skip65
)
\c@teo=\count309
\c@defi=\count310
\c@coro=\count311

(C:\Program Files\MiKTeX\tex/latex/l3backend\l3backend-pdftex.def
File: l3backend-pdftex.def 2021-05-07 L3 backend support: PDF output (pdfTeX)
\l__color_backend_stack_int=\count312
\l__pdf_internal_box=\box56
)
(C:\Users\itzam\Desktop\ITAM\7 Séptimo\ProgramaciónLineal\Proyecto\build\Repo
rteLaTeX.aux
LaTeX Info: Redefining \. on input line 8.
LaTeX Info: Redefining \% on input line 8.
)
\openout1 = `ReporteLaTeX.aux'.

LaTeX Font Info:    Checking defaults for OML/cmm/m/it on input line 90.
LaTeX Font Info:    ... okay on input line 90.
LaTeX Font Info:    Checking defaults for OMS/cmsy/m/n on input line 90.
LaTeX Font Info:    ... okay on input line 90.
LaTeX Font Info:    Checking defaults for OT1/cmr/m/n on input line 90.
LaTeX Font Info:    ... okay on input line 90.
LaTeX Font Info:    Checking defaults for T1/cmr/m/n on input line 90.
LaTeX Font Info:    ... okay on input line 90.
LaTeX Font Info:    Checking defaults for TS1/cmr/m/n on input line 90.
LaTeX Font Info:    ... okay on input line 90.
LaTeX Font Info:    Checking defaults for OMX/cmex/m/n on input line 90.
LaTeX Font Info:    ... okay on input line 90.
LaTeX Font Info:    Checking defaults for U/cmr/m/n on input line 90.
LaTeX Font Info:    ... okay on input line 90.
 (C:\Program Files\MiKTeX\tex/context/base/mkii\supp-pdf.mkii
[Loading MPS to PDF converter (version 2006.09.02).]
\scratchcounter=\count313
\scratchdimen=\dimen191
\scratchbox=\box57
\nofMPsegments=\count314
\nofMParguments=\count315
\everyMPshowfont=\toks45
\MPscratchCnt=\count316
\MPscratchDim=\dimen192
\MPnumerator=\count317
\makeMPintoPDFobject=\count318
\everyMPtoPDFconversion=\toks46
) (C:\Program Files\MiKTeX\tex/latex/epstopdf-pkg\epstopdf-base.sty
Package: epstopdf-base 2020-01-24 v2.11 Base part for package epstopdf
Package epstopdf-base Info: Redefining graphics rule for `.eps' on input line 4
85.

(C:\Program Files\MiKTeX\tex/latex/00miktex\epstopdf-sys.cfg
File: epstopdf-sys.cfg 2021/03/18 v2.0 Configuration of epstopdf for MiKTeX
))
LaTeX Info: Redefining \. on input line 90.
LaTeX Info: Redefining \% on input line 90.

! Undefined control sequence.
\c@lor@to@ps ->\PSTricks 
                         _Not_Configured_For_This_Format
l.102   \rput(-2,.5){\uamlogo{.75}{black}}
                                          
The control sequence at the end of the top line
of your error message was never \def'ed. If you have
misspelled it (e.g., `\hobx'), type `I' and the correct
spelling (e.g., `I\hbox'). Otherwise just continue,
and I'll forget about whatever was undefined.

! Undefined control sequence.
\XC@usec@lor ...\expandafter \c@lor@to@ps #1#2\@@ 
                                                  \else \expandafter \expand...
l.102   \rput(-2,.5){\uamlogo{.75}{black}}
                                          
The control sequence at the end of the top line
of your error message was never \def'ed. If you have
misspelled it (e.g., `\hobx'), type `I' and the correct
spelling (e.g., `I\hbox'). Otherwise just continue,
and I'll forget about whatever was undefined.

! Undefined control sequence.
\c@lor@to@ps ->\PSTricks 
                         _Not_Configured_For_This_Format
l.102   \rput(-2,.5){\uamlogo{.75}{black}}
                                          
The control sequence at the end of the top line
of your error message was never \def'ed. If you have
misspelled it (e.g., `\hobx'), type `I' and the correct
spelling (e.g., `I\hbox'). Otherwise just continue,
and I'll forget about whatever was undefined.

! Undefined control sequence.
\XC@usec@lor ...\expandafter \c@lor@to@ps #1#2\@@ 
                                                  \else \expandafter \expand...
l.102   \rput(-2,.5){\uamlogo{.75}{black}}
                                          
The control sequence at the end of the top line
of your error message was never \def'ed. If you have
misspelled it (e.g., `\hobx'), type `I' and the correct
spelling (e.g., `I\hbox'). Otherwise just continue,
and I'll forget about whatever was undefined.

! Undefined control sequence.
\c@lor@to@ps ->\PSTricks 
                         _Not_Configured_For_This_Format
l.102   \rput(-2,.5){\uamlogo{.75}{black}}
                                          
The control sequence at the end of the top line
of your error message was never \def'ed. If you have
misspelled it (e.g., `\hobx'), type `I' and the correct
spelling (e.g., `I\hbox'). Otherwise just continue,
and I'll forget about whatever was undefined.

! Undefined control sequence.
\XC@usec@lor ...\expandafter \c@lor@to@ps #1#2\@@ 
                                                  \else \expandafter \expand...
l.102   \rput(-2,.5){\uamlogo{.75}{black}}
                                          
The control sequence at the end of the top line
of your error message was never \def'ed. If you have
misspelled it (e.g., `\hobx'), type `I' and the correct
spelling (e.g., `I\hbox'). Otherwise just continue,
and I'll forget about whatever was undefined.

! Undefined control sequence.
\c@lor@to@ps ->\PSTricks 
                         _Not_Configured_For_This_Format
l.102   \rput(-2,.5){\uamlogo{.75}{black}}
                                          
The control sequence at the end of the top line
of your error message was never \def'ed. If you have
misspelled it (e.g., `\hobx'), type `I' and the correct
spelling (e.g., `I\hbox'). Otherwise just continue,
and I'll forget about whatever was undefined.

! Undefined control sequence.
\XC@usec@lor ...\expandafter \c@lor@to@ps #1#2\@@ 
                                                  \else \expandafter \expand...
l.102   \rput(-2,.5){\uamlogo{.75}{black}}
                                          
The control sequence at the end of the top line
of your error message was never \def'ed. If you have
misspelled it (e.g., `\hobx'), type `I' and the correct
spelling (e.g., `I\hbox'). Otherwise just continue,
and I'll forget about whatever was undefined.

! Undefined control sequence.
\c@lor@to@ps ->\PSTricks 
                         _Not_Configured_For_This_Format
l.102   \rput(-2,.5){\uamlogo{.75}{black}}
                                          
The control sequence at the end of the top line
of your error message was never \def'ed. If you have
misspelled it (e.g., `\hobx'), type `I' and the correct
spelling (e.g., `I\hbox'). Otherwise just continue,
and I'll forget about whatever was undefined.

! Undefined control sequence.
\XC@usec@lor ...\expandafter \c@lor@to@ps #1#2\@@ 
                                                  \else \expandafter \expand...
l.102   \rput(-2,.5){\uamlogo{.75}{black}}
                                          
The control sequence at the end of the top line
of your error message was never \def'ed. If you have
misspelled it (e.g., `\hobx'), type `I' and the correct
spelling (e.g., `I\hbox'). Otherwise just continue,
and I'll forget about whatever was undefined.

! Undefined control sequence.
\c@lor@to@ps ->\PSTricks 
                         _Not_Configured_For_This_Format
l.102   \rput(-2,.5){\uamlogo{.75}{black}}
                                          
The control sequence at the end of the top line
of your error message was never \def'ed. If you have
misspelled it (e.g., `\hobx'), type `I' and the correct
spelling (e.g., `I\hbox'). Otherwise just continue,
and I'll forget about whatever was undefined.

! Undefined control sequence.
\XC@usec@lor ...\expandafter \c@lor@to@ps #1#2\@@ 
                                                  \else \expandafter \expand...
l.102   \rput(-2,.5){\uamlogo{.75}{black}}
                                          
The control sequence at the end of the top line
of your error message was never \def'ed. If you have
misspelled it (e.g., `\hobx'), type `I' and the correct
spelling (e.g., `I\hbox'). Otherwise just continue,
and I'll forget about whatever was undefined.

! Undefined control sequence.
\c@lor@to@ps ->\PSTricks 
                         _Not_Configured_For_This_Format
l.102   \rput(-2,.5){\uamlogo{.75}{black}}
                                          
The control sequence at the end of the top line
of your error message was never \def'ed. If you have
misspelled it (e.g., `\hobx'), type `I' and the correct
spelling (e.g., `I\hbox'). Otherwise just continue,
and I'll forget about whatever was undefined.

! Undefined control sequence.
\XC@usec@lor ...\expandafter \c@lor@to@ps #1#2\@@ 
                                                  \else \expandafter \expand...
l.102   \rput(-2,.5){\uamlogo{.75}{black}}
                                          
The control sequence at the end of the top line
of your error message was never \def'ed. If you have
misspelled it (e.g., `\hobx'), type `I' and the correct
spelling (e.g., `I\hbox'). Otherwise just continue,
and I'll forget about whatever was undefined.

! Undefined control sequence.
\c@lor@to@ps ->\PSTricks 
                         _Not_Configured_For_This_Format
l.102   \rput(-2,.5){\uamlogo{.75}{black}}
                                          
The control sequence at the end of the top line
of your error message was never \def'ed. If you have
misspelled it (e.g., `\hobx'), type `I' and the correct
spelling (e.g., `I\hbox'). Otherwise just continue,
and I'll forget about whatever was undefined.

! Undefined control sequence.
\XC@usec@lor ...\expandafter \c@lor@to@ps #1#2\@@ 
                                                  \else \expandafter \expand...
l.102   \rput(-2,.5){\uamlogo{.75}{black}}
                                          
The control sequence at the end of the top line
of your error message was never \def'ed. If you have
misspelled it (e.g., `\hobx'), type `I' and the correct
spelling (e.g., `I\hbox'). Otherwise just continue,
and I'll forget about whatever was undefined.

! Undefined control sequence.
\c@lor@to@ps ->\PSTricks 
                         _Not_Configured_For_This_Format
l.102   \rput(-2,.5){\uamlogo{.75}{black}}
                                          
The control sequence at the end of the top line
of your error message was never \def'ed. If you have
misspelled it (e.g., `\hobx'), type `I' and the correct
spelling (e.g., `I\hbox'). Otherwise just continue,
and I'll forget about whatever was undefined.

! Undefined control sequence.
\XC@usec@lor ...\expandafter \c@lor@to@ps #1#2\@@ 
                                                  \else \expandafter \expand...
l.102   \rput(-2,.5){\uamlogo{.75}{black}}
                                          
The control sequence at the end of the top line
of your error message was never \def'ed. If you have
misspelled it (e.g., `\hobx'), type `I' and the correct
spelling (e.g., `I\hbox'). Otherwise just continue,
and I'll forget about whatever was undefined.

! Undefined control sequence.
\c@lor@to@ps ->\PSTricks 
                         _Not_Configured_For_This_Format
l.102   \rput(-2,.5){\uamlogo{.75}{black}}
                                          
The control sequence at the end of the top line
of your error message was never \def'ed. If you have
misspelled it (e.g., `\hobx'), type `I' and the correct
spelling (e.g., `I\hbox'). Otherwise just continue,
and I'll forget about whatever was undefined.

! Undefined control sequence.
\XC@usec@lor ...\expandafter \c@lor@to@ps #1#2\@@ 
                                                  \else \expandafter \expand...
l.102   \rput(-2,.5){\uamlogo{.75}{black}}
                                          
The control sequence at the end of the top line
of your error message was never \def'ed. If you have
misspelled it (e.g., `\hobx'), type `I' and the correct
spelling (e.g., `I\hbox'). Otherwise just continue,
and I'll forget about whatever was undefined.

! Undefined control sequence.
\c@lor@to@ps ->\PSTricks 
                         _Not_Configured_For_This_Format
l.102   \rput(-2,.5){\uamlogo{.75}{black}}
                                          
The control sequence at the end of the top line
of your error message was never \def'ed. If you have
misspelled it (e.g., `\hobx'), type `I' and the correct
spelling (e.g., `I\hbox'). Otherwise just continue,
and I'll forget about whatever was undefined.

! Undefined control sequence.
\XC@usec@lor ...\expandafter \c@lor@to@ps #1#2\@@ 
                                                  \else \expandafter \expand...
l.102   \rput(-2,.5){\uamlogo{.75}{black}}
                                          
The control sequence at the end of the top line
of your error message was never \def'ed. If you have
misspelled it (e.g., `\hobx'), type `I' and the correct
spelling (e.g., `I\hbox'). Otherwise just continue,
and I'll forget about whatever was undefined.

! Undefined control sequence.
\c@lor@to@ps ->\PSTricks 
                         _Not_Configured_For_This_Format
l.102   \rput(-2,.5){\uamlogo{.75}{black}}
                                          
The control sequence at the end of the top line
of your error message was never \def'ed. If you have
misspelled it (e.g., `\hobx'), type `I' and the correct
spelling (e.g., `I\hbox'). Otherwise just continue,
and I'll forget about whatever was undefined.

! Undefined control sequence.
\XC@usec@lor ...\expandafter \c@lor@to@ps #1#2\@@ 
                                                  \else \expandafter \expand...
l.102   \rput(-2,.5){\uamlogo{.75}{black}}
                                          
The control sequence at the end of the top line
of your error message was never \def'ed. If you have
misspelled it (e.g., `\hobx'), type `I' and the correct
spelling (e.g., `I\hbox'). Otherwise just continue,
and I'll forget about whatever was undefined.

! Undefined control sequence.
\c@lor@to@ps ->\PSTricks 
                         _Not_Configured_For_This_Format
l.102   \rput(-2,.5){\uamlogo{.75}{black}}
                                          
The control sequence at the end of the top line
of your error message was never \def'ed. If you have
misspelled it (e.g., `\hobx'), type `I' and the correct
spelling (e.g., `I\hbox'). Otherwise just continue,
and I'll forget about whatever was undefined.

! Undefined control sequence.
\XC@usec@lor ...\expandafter \c@lor@to@ps #1#2\@@ 
                                                  \else \expandafter \expand...
l.102   \rput(-2,.5){\uamlogo{.75}{black}}
                                          
The control sequence at the end of the top line
of your error message was never \def'ed. If you have
misspelled it (e.g., `\hobx'), type `I' and the correct
spelling (e.g., `I\hbox'). Otherwise just continue,
and I'll forget about whatever was undefined.

! Undefined control sequence.
\c@lor@to@ps ->\PSTricks 
                         _Not_Configured_For_This_Format
l.102   \rput(-2,.5){\uamlogo{.75}{black}}
                                          
The control sequence at the end of the top line
of your error message was never \def'ed. If you have
misspelled it (e.g., `\hobx'), type `I' and the correct
spelling (e.g., `I\hbox'). Otherwise just continue,
and I'll forget about whatever was undefined.

! Undefined control sequence.
\XC@usec@lor ...\expandafter \c@lor@to@ps #1#2\@@ 
                                                  \else \expandafter \expand...
l.102   \rput(-2,.5){\uamlogo{.75}{black}}
                                          
The control sequence at the end of the top line
of your error message was never \def'ed. If you have
misspelled it (e.g., `\hobx'), type `I' and the correct
spelling (e.g., `I\hbox'). Otherwise just continue,
and I'll forget about whatever was undefined.

! Undefined control sequence.
\c@lor@to@ps ->\PSTricks 
                         _Not_Configured_For_This_Format
l.102   \rput(-2,.5){\uamlogo{.75}{black}}
                                          
The control sequence at the end of the top line
of your error message was never \def'ed. If you have
misspelled it (e.g., `\hobx'), type `I' and the correct
spelling (e.g., `I\hbox'). Otherwise just continue,
and I'll forget about whatever was undefined.

! Undefined control sequence.
\XC@usec@lor ...\expandafter \c@lor@to@ps #1#2\@@ 
                                                  \else \expandafter \expand...
l.102   \rput(-2,.5){\uamlogo{.75}{black}}
                                          
The control sequence at the end of the top line
of your error message was never \def'ed. If you have
misspelled it (e.g., `\hobx'), type `I' and the correct
spelling (e.g., `I\hbox'). Otherwise just continue,
and I'll forget about whatever was undefined.

! Undefined control sequence.
\c@lor@to@ps ->\PSTricks 
                         _Not_Configured_For_This_Format
l.102   \rput(-2,.5){\uamlogo{.75}{black}}
                                          
The control sequence at the end of the top line
of your error message was never \def'ed. If you have
misspelled it (e.g., `\hobx'), type `I' and the correct
spelling (e.g., `I\hbox'). Otherwise just continue,
and I'll forget about whatever was undefined.

! Undefined control sequence.
\XC@usec@lor ...\expandafter \c@lor@to@ps #1#2\@@ 
                                                  \else \expandafter \expand...
l.102   \rput(-2,.5){\uamlogo{.75}{black}}
                                          
The control sequence at the end of the top line
of your error message was never \def'ed. If you have
misspelled it (e.g., `\hobx'), type `I' and the correct
spelling (e.g., `I\hbox'). Otherwise just continue,
and I'll forget about whatever was undefined.

! Undefined control sequence.
\c@lor@to@ps ->\PSTricks 
                         _Not_Configured_For_This_Format
l.102   \rput(-2,.5){\uamlogo{.75}{black}}
                                          
The control sequence at the end of the top line
of your error message was never \def'ed. If you have
misspelled it (e.g., `\hobx'), type `I' and the correct
spelling (e.g., `I\hbox'). Otherwise just continue,
and I'll forget about whatever was undefined.

! Undefined control sequence.
\XC@usec@lor ...\expandafter \c@lor@to@ps #1#2\@@ 
                                                  \else \expandafter \expand...
l.102   \rput(-2,.5){\uamlogo{.75}{black}}
                                          
The control sequence at the end of the top line
of your error message was never \def'ed. If you have
misspelled it (e.g., `\hobx'), type `I' and the correct
spelling (e.g., `I\hbox'). Otherwise just continue,
and I'll forget about whatever was undefined.

! Undefined control sequence.
\c@lor@to@ps ->\PSTricks 
                         _Not_Configured_For_This_Format
l.102   \rput(-2,.5){\uamlogo{.75}{black}}
                                          
The control sequence at the end of the top line
of your error message was never \def'ed. If you have
misspelled it (e.g., `\hobx'), type `I' and the correct
spelling (e.g., `I\hbox'). Otherwise just continue,
and I'll forget about whatever was undefined.

! Undefined control sequence.
\XC@usec@lor ...\expandafter \c@lor@to@ps #1#2\@@ 
                                                  \else \expandafter \expand...
l.102   \rput(-2,.5){\uamlogo{.75}{black}}
                                          
The control sequence at the end of the top line
of your error message was never \def'ed. If you have
misspelled it (e.g., `\hobx'), type `I' and the correct
spelling (e.g., `I\hbox'). Otherwise just continue,
and I'll forget about whatever was undefined.

! Undefined control sequence.
\c@lor@to@ps ->\PSTricks 
                         _Not_Configured_For_This_Format
l.102   \rput(-2,.5){\uamlogo{.75}{black}}
                                          
The control sequence at the end of the top line
of your error message was never \def'ed. If you have
misspelled it (e.g., `\hobx'), type `I' and the correct
spelling (e.g., `I\hbox'). Otherwise just continue,
and I'll forget about whatever was undefined.

! Undefined control sequence.
\XC@usec@lor ...\expandafter \c@lor@to@ps #1#2\@@ 
                                                  \else \expandafter \expand...
l.102   \rput(-2,.5){\uamlogo{.75}{black}}
                                          
The control sequence at the end of the top line
of your error message was never \def'ed. If you have
misspelled it (e.g., `\hobx'), type `I' and the correct
spelling (e.g., `I\hbox'). Otherwise just continue,
and I'll forget about whatever was undefined.

! Undefined control sequence.
\c@lor@to@ps ->\PSTricks 
                         _Not_Configured_For_This_Format
l.102   \rput(-2,.5){\uamlogo{.75}{black}}
                                          
The control sequence at the end of the top line
of your error message was never \def'ed. If you have
misspelled it (e.g., `\hobx'), type `I' and the correct
spelling (e.g., `I\hbox'). Otherwise just continue,
and I'll forget about whatever was undefined.

! Undefined control sequence.
\XC@usec@lor ...\expandafter \c@lor@to@ps #1#2\@@ 
                                                  \else \expandafter \expand...
l.102   \rput(-2,.5){\uamlogo{.75}{black}}
                                          
The control sequence at the end of the top line
of your error message was never \def'ed. If you have
misspelled it (e.g., `\hobx'), type `I' and the correct
spelling (e.g., `I\hbox'). Otherwise just continue,
and I'll forget about whatever was undefined.

! Undefined control sequence.
\c@lor@to@ps ->\PSTricks 
                         _Not_Configured_For_This_Format
l.102   \rput(-2,.5){\uamlogo{.75}{black}}
                                          
The control sequence at the end of the top line
of your error message was never \def'ed. If you have
misspelled it (e.g., `\hobx'), type `I' and the correct
spelling (e.g., `I\hbox'). Otherwise just continue,
and I'll forget about whatever was undefined.

! Undefined control sequence.
\XC@usec@lor ...\expandafter \c@lor@to@ps #1#2\@@ 
                                                  \else \expandafter \expand...
l.102   \rput(-2,.5){\uamlogo{.75}{black}}
                                          
The control sequence at the end of the top line
of your error message was never \def'ed. If you have
misspelled it (e.g., `\hobx'), type `I' and the correct
spelling (e.g., `I\hbox'). Otherwise just continue,
and I'll forget about whatever was undefined.

! Undefined control sequence.
\c@lor@to@ps ->\PSTricks 
                         _Not_Configured_For_This_Format
l.102   \rput(-2,.5){\uamlogo{.75}{black}}
                                          
The control sequence at the end of the top line
of your error message was never \def'ed. If you have
misspelled it (e.g., `\hobx'), type `I' and the correct
spelling (e.g., `I\hbox'). Otherwise just continue,
and I'll forget about whatever was undefined.

! Undefined control sequence.
\XC@usec@lor ...\expandafter \c@lor@to@ps #1#2\@@ 
                                                  \else \expandafter \expand...
l.102   \rput(-2,.5){\uamlogo{.75}{black}}
                                          
The control sequence at the end of the top line
of your error message was never \def'ed. If you have
misspelled it (e.g., `\hobx'), type `I' and the correct
spelling (e.g., `I\hbox'). Otherwise just continue,
and I'll forget about whatever was undefined.

! Undefined control sequence.
\c@lor@to@ps ->\PSTricks 
                         _Not_Configured_For_This_Format
l.102   \rput(-2,.5){\uamlogo{.75}{black}}
                                          
The control sequence at the end of the top line
of your error message was never \def'ed. If you have
misspelled it (e.g., `\hobx'), type `I' and the correct
spelling (e.g., `I\hbox'). Otherwise just continue,
and I'll forget about whatever was undefined.

! Undefined control sequence.
\XC@usec@lor ...\expandafter \c@lor@to@ps #1#2\@@ 
                                                  \else \expandafter \expand...
l.102   \rput(-2,.5){\uamlogo{.75}{black}}
                                          
The control sequence at the end of the top line
of your error message was never \def'ed. If you have
misspelled it (e.g., `\hobx'), type `I' and the correct
spelling (e.g., `I\hbox'). Otherwise just continue,
and I'll forget about whatever was undefined.

! Undefined control sequence.
\c@lor@to@ps ->\PSTricks 
                         _Not_Configured_For_This_Format
l.102   \rput(-2,.5){\uamlogo{.75}{black}}
                                          
The control sequence at the end of the top line
of your error message was never \def'ed. If you have
misspelled it (e.g., `\hobx'), type `I' and the correct
spelling (e.g., `I\hbox'). Otherwise just continue,
and I'll forget about whatever was undefined.

! Undefined control sequence.
\XC@usec@lor ...\expandafter \c@lor@to@ps #1#2\@@ 
                                                  \else \expandafter \expand...
l.102   \rput(-2,.5){\uamlogo{.75}{black}}
                                          
The control sequence at the end of the top line
of your error message was never \def'ed. If you have
misspelled it (e.g., `\hobx'), type `I' and the correct
spelling (e.g., `I\hbox'). Otherwise just continue,
and I'll forget about whatever was undefined.

! Undefined control sequence.
\c@lor@to@ps ->\PSTricks 
                         _Not_Configured_For_This_Format
l.102   \rput(-2,.5){\uamlogo{.75}{black}}
                                          
The control sequence at the end of the top line
of your error message was never \def'ed. If you have
misspelled it (e.g., `\hobx'), type `I' and the correct
spelling (e.g., `I\hbox'). Otherwise just continue,
and I'll forget about whatever was undefined.

! Undefined control sequence.
\XC@usec@lor ...\expandafter \c@lor@to@ps #1#2\@@ 
                                                  \else \expandafter \expand...
l.102   \rput(-2,.5){\uamlogo{.75}{black}}
                                          
The control sequence at the end of the top line
of your error message was never \def'ed. If you have
misspelled it (e.g., `\hobx'), type `I' and the correct
spelling (e.g., `I\hbox'). Otherwise just continue,
and I'll forget about whatever was undefined.

! Undefined control sequence.
\c@lor@to@ps ->\PSTricks 
                         _Not_Configured_For_This_Format
l.102   \rput(-2,.5){\uamlogo{.75}{black}}
                                          
The control sequence at the end of the top line
of your error message was never \def'ed. If you have
misspelled it (e.g., `\hobx'), type `I' and the correct
spelling (e.g., `I\hbox'). Otherwise just continue,
and I'll forget about whatever was undefined.

! Undefined control sequence.
\XC@usec@lor ...\expandafter \c@lor@to@ps #1#2\@@ 
                                                  \else \expandafter \expand...
l.102   \rput(-2,.5){\uamlogo{.75}{black}}
                                          
The control sequence at the end of the top line
of your error message was never \def'ed. If you have
misspelled it (e.g., `\hobx'), type `I' and the correct
spelling (e.g., `I\hbox'). Otherwise just continue,
and I'll forget about whatever was undefined.

! Undefined control sequence.
\c@lor@to@ps ->\PSTricks 
                         _Not_Configured_For_This_Format
l.102   \rput(-2,.5){\uamlogo{.75}{black}}
                                          
The control sequence at the end of the top line
of your error message was never \def'ed. If you have
misspelled it (e.g., `\hobx'), type `I' and the correct
spelling (e.g., `I\hbox'). Otherwise just continue,
and I'll forget about whatever was undefined.

! Undefined control sequence.
\XC@usec@lor ...\expandafter \c@lor@to@ps #1#2\@@ 
                                                  \else \expandafter \expand...
l.102   \rput(-2,.5){\uamlogo{.75}{black}}
                                          
The control sequence at the end of the top line
of your error message was never \def'ed. If you have
misspelled it (e.g., `\hobx'), type `I' and the correct
spelling (e.g., `I\hbox'). Otherwise just continue,
and I'll forget about whatever was undefined.

! Undefined control sequence.
\c@lor@to@ps ->\PSTricks 
                         _Not_Configured_For_This_Format
l.102   \rput(-2,.5){\uamlogo{.75}{black}}
                                          
The control sequence at the end of the top line
of your error message was never \def'ed. If you have
misspelled it (e.g., `\hobx'), type `I' and the correct
spelling (e.g., `I\hbox'). Otherwise just continue,
and I'll forget about whatever was undefined.

! Undefined control sequence.
\XC@usec@lor ...\expandafter \c@lor@to@ps #1#2\@@ 
                                                  \else \expandafter \expand...
l.102   \rput(-2,.5){\uamlogo{.75}{black}}
                                          
The control sequence at the end of the top line
of your error message was never \def'ed. If you have
misspelled it (e.g., `\hobx'), type `I' and the correct
spelling (e.g., `I\hbox'). Otherwise just continue,
and I'll forget about whatever was undefined.

! Undefined control sequence.
\c@lor@to@ps ->\PSTricks 
                         _Not_Configured_For_This_Format
l.102   \rput(-2,.5){\uamlogo{.75}{black}}
                                          
The control sequence at the end of the top line
of your error message was never \def'ed. If you have
misspelled it (e.g., `\hobx'), type `I' and the correct
spelling (e.g., `I\hbox'). Otherwise just continue,
and I'll forget about whatever was undefined.

! Undefined control sequence.
\XC@usec@lor ...\expandafter \c@lor@to@ps #1#2\@@ 
                                                  \else \expandafter \expand...
l.102   \rput(-2,.5){\uamlogo{.75}{black}}
                                          
The control sequence at the end of the top line
of your error message was never \def'ed. If you have
misspelled it (e.g., `\hobx'), type `I' and the correct
spelling (e.g., `I\hbox'). Otherwise just continue,
and I'll forget about whatever was undefined.

! Undefined control sequence.
\c@lor@to@ps ->\PSTricks 
                         _Not_Configured_For_This_Format
l.102   \rput(-2,.5){\uamlogo{.75}{black}}
                                          
The control sequence at the end of the top line
of your error message was never \def'ed. If you have
misspelled it (e.g., `\hobx'), type `I' and the correct
spelling (e.g., `I\hbox'). Otherwise just continue,
and I'll forget about whatever was undefined.

! Undefined control sequence.
\XC@usec@lor ...\expandafter \c@lor@to@ps #1#2\@@ 
                                                  \else \expandafter \expand...
l.102   \rput(-2,.5){\uamlogo{.75}{black}}
                                          
The control sequence at the end of the top line
of your error message was never \def'ed. If you have
misspelled it (e.g., `\hobx'), type `I' and the correct
spelling (e.g., `I\hbox'). Otherwise just continue,
and I'll forget about whatever was undefined.

! Undefined control sequence.
\c@lor@to@ps ->\PSTricks 
                         _Not_Configured_For_This_Format
l.102   \rput(-2,.5){\uamlogo{.75}{black}}
                                          
The control sequence at the end of the top line
of your error message was never \def'ed. If you have
misspelled it (e.g., `\hobx'), type `I' and the correct
spelling (e.g., `I\hbox'). Otherwise just continue,
and I'll forget about whatever was undefined.

! Undefined control sequence.
\XC@usec@lor ...\expandafter \c@lor@to@ps #1#2\@@ 
                                                  \else \expandafter \expand...
l.102   \rput(-2,.5){\uamlogo{.75}{black}}
                                          
The control sequence at the end of the top line
of your error message was never \def'ed. If you have
misspelled it (e.g., `\hobx'), type `I' and the correct
spelling (e.g., `I\hbox'). Otherwise just continue,
and I'll forget about whatever was undefined.

! Undefined control sequence.
\c@lor@to@ps ->\PSTricks 
                         _Not_Configured_For_This_Format
l.102   \rput(-2,.5){\uamlogo{.75}{black}}
                                          
The control sequence at the end of the top line
of your error message was never \def'ed. If you have
misspelled it (e.g., `\hobx'), type `I' and the correct
spelling (e.g., `I\hbox'). Otherwise just continue,
and I'll forget about whatever was undefined.

! Undefined control sequence.
\XC@usec@lor ...\expandafter \c@lor@to@ps #1#2\@@ 
                                                  \else \expandafter \expand...
l.102   \rput(-2,.5){\uamlogo{.75}{black}}
                                          
The control sequence at the end of the top line
of your error message was never \def'ed. If you have
misspelled it (e.g., `\hobx'), type `I' and the correct
spelling (e.g., `I\hbox'). Otherwise just continue,
and I'll forget about whatever was undefined.

LaTeX Font Info:    Trying to load font information for U+msa on input line 109
.
(C:\Program Files\MiKTeX\tex/latex/amsfonts\umsa.fd
File: umsa.fd 2013/01/14 v3.01 AMS symbols A
)
LaTeX Font Info:    Trying to load font information for U+msb on input line 109
.

(C:\Program Files\MiKTeX\tex/latex/amsfonts\umsb.fd
File: umsb.fd 2013/01/14 v3.01 AMS symbols B
)
Overfull \vbox (313.9803pt too high) detected at line 109
 []


Overfull \vbox (226.47244pt too high) detected at line 160
 []

[1
Non-PDF special ignored!
<special> header=pstricks.pro
Non-PDF special ignored!
<special> header=pst-algparser.pro
Non-PDF special ignored!
<special> header=pst-tools.pro
Non-PDF special ignored!
<special> header=pst-dots.pro
Non-PDF special ignored!
<special> header=pst-node.pro

Non-PDF special ignored!
<special> ps: /pssetRGBcolor /setrgbcolor load def /pssetCMYKcolor /setcmyk...
Non-PDF special ignored!
<special> ps:tx@Dict begin  gsave STV CP T /ps@rot 0 def grestore  end
Non-PDF special ignored!
<special> ps:tx@Dict begin  gsave STV CP T /ps@refangle 0.  def grestore  e...
Non-PDF special ignored!
<special> ps:0.8 setlinewidth 0 setgray
Non-PDF special ignored!
<special> ps:tx@Dict begin  gsave STV CP T /ps@rot 0 def grestore  end
Non-PDF special ignored!
<special> ps:tx@Dict begin { -56.90549 14.22636 } PutCoor PutBegin  end
Non-PDF special ignored!
<special> "  tx@Dict begin STP newpath /ArrowA { moveto } def /ArrowB { } d...
Non-PDF special ignored!
<special> "  tx@Dict begin STP newpath /ArrowA { moveto } def /ArrowB { } d...
Non-PDF special ignored!
<special> "  tx@Dict begin STP newpath /ArrowA { moveto } def /ArrowB { } d...
Non-PDF special ignored!
<special> "  tx@Dict begin STP newpath /ArrowA { moveto } def /ArrowB { } d...
Non-PDF special ignored!
<special> "  tx@Dict begin STP newpath /ArrowA { moveto } def /ArrowB { } d...
Non-PDF special ignored!
<special> ps:tx@Dict begin  gsave STV CP T /ps@rot 180. def grestore  end
Non-PDF special ignored!
<special> ps:tx@Dict begin { 119.50162 42.67911 } PutCoor PutBegin  end
Non-PDF special ignored!
<special> ps:tx@Dict begin ( ps@rot ) /strAngle ED strAngle length 0 eq { 0...
Non-PDF special ignored!
<special> "  tx@Dict begin STP newpath /ArrowA { moveto } def /ArrowB { } d...
Non-PDF special ignored!
<special> "  tx@Dict begin STP newpath /ArrowA { moveto } def /ArrowB { } d...
Non-PDF special ignored!
<special> "  tx@Dict begin STP newpath /ArrowA { moveto } def /ArrowB { } d...
Non-PDF special ignored!
<special> "  tx@Dict begin STP newpath /ArrowA { moveto } def /ArrowB { } d...
Non-PDF special ignored!
<special> "  tx@Dict begin STP newpath /ArrowA { moveto } def /ArrowB { } d...
Non-PDF special ignored!
<special> "  tx@Dict begin STP newpath /ArrowA { moveto } def /ArrowB { } d...
Non-PDF special ignored!
<special> "  tx@Dict begin STP newpath /ArrowA { moveto } def /ArrowB { } d...
Non-PDF special ignored!
<special> "  tx@Dict begin STP newpath /ArrowA { moveto } def /ArrowB { } d...
Non-PDF special ignored!
<special> "  tx@Dict begin STP newpath /ArrowA { moveto } def /ArrowB { } d...
Non-PDF special ignored!
<special> ps:tx@Dict begin  RotEnd  end
Non-PDF special ignored!
<special> ps:tx@Dict begin  PutEnd  end
Non-PDF special ignored!
<special> "  tx@Dict begin STP newpath /ArrowA { moveto } def /ArrowB { } d...
Non-PDF special ignored!
<special> "  tx@Dict begin STP newpath /ArrowA { moveto } def /ArrowB { } d...
Non-PDF special ignored!
<special> ps:tx@Dict begin  PutEnd  end
{C:/Users/itzam/AppData/Local/MiKTeX/pdftex/config/pdftex.map}] [2

]
(C:\Users\itzam\Desktop\ITAM\7 Séptimo\ProgramaciónLineal\Proyecto\build\Repo
rteLaTeX.toc
LaTeX Info: Redefining \. on input line 1.
LaTeX Info: Redefining \% on input line 1.
)
\tf@toc=\write3
\openout3 = `ReporteLaTeX.toc'.

 [1

] [2

]
(C:\Users\itzam\Desktop\ITAM\7 Séptimo\ProgramaciónLineal\Proyecto\build\Repo
rteLaTeX.lof
LaTeX Info: Redefining \. on input line 1.
LaTeX Info: Redefining \% on input line 1.
)
\tf@lof=\write4
\openout4 = `ReporteLaTeX.lof'.

 [3] [4

]
Cap\'{\i }tulo 1.
[1

]
LaTeX Info: Redefining \. on input line 200.
LaTeX Info: Redefining \% on input line 200.


Package fancyhdr Warning: \headheight is too small (12.0pt): 
(fancyhdr)                Make it at least 14.49998pt, for example:
(fancyhdr)                \setlength{\headheight}{14.49998pt}.
(fancyhdr)                You might also make \topmargin smaller to compensate:

(fancyhdr)                \addtolength{\topmargin}{-2.49998pt}.

[2

]
Cap\'{\i }tulo 2.
[3]
LaTeX Info: Redefining \. on input line 203.
LaTeX Info: Redefining \% on input line 203.


Package fancyhdr Warning: \headheight is too small (12.0pt): 
(fancyhdr)                Make it at least 14.49998pt, for example:
(fancyhdr)                \setlength{\headheight}{14.49998pt}.
(fancyhdr)                You might also make \topmargin smaller to compensate:

(fancyhdr)                \addtolength{\topmargin}{-2.49998pt}.

[4

]
Cap\'{\i }tulo 3.
[5]
LaTeX Info: Redefining \. on input line 206.
LaTeX Info: Redefining \% on input line 206.


Package fancyhdr Warning: \headheight is too small (12.0pt): 
(fancyhdr)                Make it at least 14.49998pt, for example:
(fancyhdr)                \setlength{\headheight}{14.49998pt}.
(fancyhdr)                You might also make \topmargin smaller to compensate:

(fancyhdr)                \addtolength{\topmargin}{-2.49998pt}.

[6

]
Cap\'{\i }tulo 4.
[7]
LaTeX Info: Redefining \. on input line 209.
LaTeX Info: Redefining \% on input line 209.


Package fancyhdr Warning: \headheight is too small (12.0pt): 
(fancyhdr)                Make it at least 14.49998pt, for example:
(fancyhdr)                \setlength{\headheight}{14.49998pt}.
(fancyhdr)                You might also make \topmargin smaller to compensate:

(fancyhdr)                \addtolength{\topmargin}{-2.49998pt}.

[8

]
Cap\'{\i }tulo 5.
[9]
LaTeX Info: Redefining \. on input line 217.
LaTeX Info: Redefining \% on input line 217.


Package fancyhdr Warning: \headheight is too small (12.0pt): 
(fancyhdr)                Make it at least 14.49998pt, for example:
(fancyhdr)                \setlength{\headheight}{14.49998pt}.
(fancyhdr)                You might also make \topmargin smaller to compensate:

(fancyhdr)                \addtolength{\topmargin}{-2.49998pt}.

[10

]

LaTeX Warning: Empty `thebibliography' environment on input line 220.

[11]
(C:\Users\itzam\Desktop\ITAM\7 Séptimo\ProgramaciónLineal\Proyecto\build\Repo
rteLaTeX.aux
LaTeX Info: Redefining \. on input line 8.
LaTeX Info: Redefining \% on input line 8.
) ) 
Here is how much of TeX's memory you used:
 11897 strings out of 478864
 199212 string characters out of 2858518
 528396 words of memory out of 3000000
 29647 multiletter control sequences out of 15000+600000
 410542 words of font info for 53 fonts, out of 8000000 for 9000
 1144 hyphenation exceptions out of 8191
 56i,12n,66p,589b,433s stack positions out of 5000i,500n,10000p,200000b,80000s
<C:/Program Files/MiKTeX/fonts/type1/public/amsfonts/cm/cmbx12.pfb><C:/Progr
am Files/MiKTeX/fonts/type1/public/amsfonts/cm/cmcsc10.pfb><C:/Program Files/Mi
KTeX/fonts/type1/public/amsfonts/cm/cmr12.pfb><C:/Program Files/MiKTeX/fonts/ty
pe1/public/amsfonts/cm/cmr17.pfb><C:/Program Files/MiKTeX/fonts/type1/public/am
sfonts/cm/cmsl12.pfb>
Output written on "C:\Users\itzam\Desktop\ITAM\7 Séptimo\ProgramaciónLineal\P
royecto\build\ReporteLaTeX.pdf" (17 pages, 81686 bytes).
PDF statistics:
 82 PDF objects out of 1000 (max. 8388607)
 0 named destinations out of 1000 (max. 500000)
 1 words of extra memory for PDF output out of 10000 (max. 10000000)

